<?xml version="1.0" encoding="UTF-8"?>
<!-- Generated by org.testng.reporters.JUnitReportReporter -->
<testsuite hostname="Suman" failures="0" tests="2" name="com.sgtesting.hardassertions.AssertTrueDemo" time="0.035" errors="0" timestamp="2021-10-21T20:58:10 IST" skipped="0">
  <testcase classname="com.sgtesting.hardassertions.AssertTrueDemo" name="method2" time="0.006"/>
  <system-out/>
  <testcase classname="com.sgtesting.hardassertions.AssertTrueDemo" name="method1" time="0.029"/>
  <system-out/>
</testsuite> <!-- com.sgtesting.hardassertions.AssertTrueDemo -->
