<?xml version="1.0" encoding="UTF-8"?>
<!-- Generated by org.testng.reporters.JUnitReportReporter -->
<testsuite hostname="Suman" failures="0" tests="2" name="com.sgtesting.softassertions.AssertTrueDemo" time="0.048" errors="0" timestamp="2021-10-21T21:02:12 IST" skipped="0">
  <testcase classname="com.sgtesting.softassertions.AssertTrueDemo" name="method1" time="0.042"/>
  <system-out/>
  <testcase classname="com.sgtesting.softassertions.AssertTrueDemo" name="method2" time="0.006"/>
  <system-out/>
</testsuite> <!-- com.sgtesting.softassertions.AssertTrueDemo -->
