<?xml version="1.0" encoding="UTF-8"?>
<!-- Generated by org.testng.reporters.JUnitReportReporter -->
<testsuite hostname="Suman" failures="0" tests="2" name="com.sgtesting.summary.AnnotationSummaryDemo" time="0.034" errors="0" timestamp="2021-10-21T19:40:44 IST" skipped="0">
  <testcase classname="com.sgtesting.summary.AnnotationSummaryDemo" name="testcase1" time="0.028"/>
  <system-out/>
  <testcase classname="com.sgtesting.summary.AnnotationSummaryDemo" name="testcase2" time="0.006"/>
  <system-out/>
</testsuite> <!-- com.sgtesting.summary.AnnotationSummaryDemo -->
