<?xml version="1.0" encoding="UTF-8"?>
<!-- Generated by org.testng.reporters.JUnitReportReporter -->
<testsuite hostname="Suman" failures="0" tests="3" name="com.sgtesting.products.Products" time="0.026" errors="0" timestamp="2021-10-20T20:00:33 IST" skipped="0">
  <testcase classname="com.sgtesting.products.Products" name="modifyProduct" time="0.004"/>
  <system-out/>
  <testcase classname="com.sgtesting.products.Products" name="deletedProduct" time="0.003"/>
  <system-out/>
  <testcase classname="com.sgtesting.products.Products" name="createProduct" time="0.019"/>
  <system-out/>
</testsuite> <!-- com.sgtesting.products.Products -->
