<?xml version="1.0" encoding="UTF-8"?>
<!-- Generated by org.testng.reporters.JUnitReportReporter -->
<testsuite hostname="Suman" failures="0" tests="2" name="com.sgtesting.hardassertions.AssertEqulasDemo" time="0.057" errors="0" timestamp="2021-10-21T23:45:56 IST" skipped="0">
  <testcase classname="com.sgtesting.hardassertions.AssertEqulasDemo" name="method1" time="0.043"/>
  <system-out/>
  <testcase classname="com.sgtesting.hardassertions.AssertEqulasDemo" name="method2" time="0.014"/>
  <system-out/>
</testsuite> <!-- com.sgtesting.hardassertions.AssertEqulasDemo -->
