<?xml version="1.0" encoding="UTF-8"?>
<!-- Generated by org.testng.reporters.JUnitReportReporter -->
<testsuite hostname="Suman" failures="0" tests="3" name="com.sgtesting.users.users.Users" time="0.012" errors="0" timestamp="2021-10-19T12:15:29 IST" skipped="0">
  <testcase classname="com.sgtesting.users.users.Users" name="modifyUser" time="0.004"/>
  <system-out/>
  <testcase classname="com.sgtesting.users.users.Users" name="createUser" time="0.004"/>
  <system-out/>
  <testcase classname="com.sgtesting.users.users.Users" name="deletedUser" time="0.004"/>
  <system-out/>
</testsuite> <!-- com.sgtesting.users.users.Users -->
