<?xml version="1.0" encoding="UTF-8"?>
<!-- Generated by org.testng.reporters.JUnitReportReporter -->
<testsuite hostname="Suman" failures="0" tests="2" name="com.sgtesting.hardassertions.AssertNullDemo" time="0.010" errors="0" timestamp="2021-10-21T20:58:10 IST" skipped="0">
  <testcase classname="com.sgtesting.hardassertions.AssertNullDemo" name="method2" time="0.005"/>
  <system-out/>
  <testcase classname="com.sgtesting.hardassertions.AssertNullDemo" name="method1" time="0.005"/>
  <system-out/>
</testsuite> <!-- com.sgtesting.hardassertions.AssertNullDemo -->
