<?xml version="1.0" encoding="UTF-8"?>
<!-- Generated by org.testng.reporters.JUnitReportReporter -->
<testsuite hostname="Suman" failures="0" tests="2" name="com.sgtesting.testcases.users.Users" time="0.008" errors="0" timestamp="2021-11-03T09:10:25 IST" skipped="0">
  <testcase classname="com.sgtesting.testcases.users.Users" name="usersTestCase1" time="0.003"/>
  <system-out/>
  <testcase classname="com.sgtesting.testcases.users.Users" name="usersTestCase2" time="0.005"/>
  <system-out/>
</testsuite> <!-- com.sgtesting.testcases.users.Users -->
