<?xml version="1.0" encoding="UTF-8"?>
<!-- Generated by org.testng.reporters.JUnitReportReporter -->
<testsuite hostname="Suman" failures="0" tests="2" name="com.sgtesting.testcases.products.Products" time="0.022" errors="0" timestamp="2021-11-03T09:10:25 IST" skipped="0">
  <testcase classname="com.sgtesting.testcases.products.Products" name="productsTestCase1" time="0.019"/>
  <system-out/>
  <testcase classname="com.sgtesting.testcases.products.Products" name="productsTestCase2" time="0.003"/>
  <system-out/>
</testsuite> <!-- com.sgtesting.testcases.products.Products -->
